Using pre-set license
Built from '2020.3/release' branch; Version is '2020.3.12f1 (b3b2c6512326) revision 11776710'; Using compiler version '192528614'; Build Type 'Release'
OS: 'Windows 10 Pro; OS build 19045.4355; Version 2009; 64bit' Language: 'en' Physical Memory: 16149 MB
BatchMode: 1, IsHumanControllingUs: 0, StartBugReporterOnCrash: 0, Is64bit: 1, IsPro: 0

 COMMAND LINE ARGUMENTS:
C:\Program Files\Unity\Hub\Editor\2020.3.12f1\Editor\Unity.exe
-adb2
-batchMode
-noUpm
-name
AssetImportWorker0
-projectPath
C:/Users/jleem/Downloads/4620_libpd-main (3)/4620_libpd-main
-logFile
Logs/AssetImportWorker0.log
-srvPort
52179
Successfully changed project path to: C:/Users/jleem/Downloads/4620_libpd-main (3)/4620_libpd-main
C:/Users/jleem/Downloads/4620_libpd-main (3)/4620_libpd-main
Using Asset Import Pipeline V2.
Refreshing native plugins compatible for Editor in 87.96 ms, found 6 plugins.
Preloading 0 native plugins for Editor in 0.00 ms.
Initialize engine version: 2020.3.12f1 (b3b2c6512326)
[Subsystems] Discovering subsystems at path C:/Program Files/Unity/Hub/Editor/2020.3.12f1/Editor/Data/Resources/UnitySubsystems
[Subsystems] Discovering subsystems at path C:/Users/jleem/Downloads/4620_libpd-main (3)/4620_libpd-main/Assets
GfxDevice: creating device client; threaded=0
Direct3D:
    Version:  Direct3D 11.0 [level 11.1]
    Renderer: Intel(R) Iris(R) Xe Graphics (ID=0x9a49)
    Vendor:   
    VRAM:     8074 MB
    Driver:   30.0.100.9955
Shader 'Universal Render Pipeline/Particles/Lit': fallback shader 'Universal Render Pipeline/Particles/SimpleLit' not found
Initialize mono
Mono path[0] = 'C:/Program Files/Unity/Hub/Editor/2020.3.12f1/Editor/Data/Managed'
Mono path[1] = 'C:/Program Files/Unity/Hub/Editor/2020.3.12f1/Editor/Data/MonoBleedingEdge/lib/mono/unityjit'
Mono config path = 'C:/Program Files/Unity/Hub/Editor/2020.3.12f1/Editor/Data/MonoBleedingEdge/etc'
Using monoOptions --debugger-agent=transport=dt_socket,embedding=1,server=y,suspend=n,address=127.0.0.1:56880
Begin MonoManager ReloadAssembly
Registering precompiled unity dll's ...
Register platform support module: C:/Program Files/Unity/Hub/Editor/2020.3.12f1/Editor/Data/PlaybackEngines/WindowsStandaloneSupport/UnityEditor.WindowsStandalone.Extensions.dll
Registered in 0.001366 seconds.
Native extension for WindowsStandalone target not found
Refreshing native plugins compatible for Editor in 90.14 ms, found 6 plugins.
Preloading 0 native plugins for Editor in 0.00 ms.
Mono: successfully reloaded assembly
- Completed reload, in  0.790 seconds
Platform modules already initialized, skipping
Registering precompiled user dll's ...
Registered in 0.004521 seconds.
Begin MonoManager ReloadAssembly
Symbol file LoadedFromMemory doesn't match image C:\Users\jleem\Downloads\4620_libpd-main (3)\4620_libpd-main\Library\PackageCache\com.unity.visualscripting@1.7.8\Editor\VisualScripting.Core\Dependencies\YamlDotNet\Unity.VisualScripting.YamlDotNet.dll
Symbol file LoadedFromMemory doesn't match image C:\Users\jleem\Downloads\4620_libpd-main (3)\4620_libpd-main\Library\PackageCache\com.unity.visualscripting@1.7.8\Editor\VisualScripting.Core\Dependencies\DotNetZip\Unity.VisualScripting.IonicZip.dll
Native extension for WindowsStandalone target not found
Refreshing native plugins compatible for Editor in 84.05 ms, found 6 plugins.
Preloading 0 native plugins for Editor in 0.00 ms.
Mono: successfully reloaded assembly
- Completed reload, in  1.016 seconds
Platform modules already initialized, skipping
========================================================================
Worker process is ready to serve import requests
Shader 'Universal Render Pipeline/Particles/Lit': fallback shader 'Universal Render Pipeline/Particles/SimpleLit' not found
Launched and connected shader compiler UnityShaderCompiler.exe after 0.03 seconds
Refreshing native plugins compatible for Editor in 0.67 ms, found 6 plugins.
Preloading 0 native plugins for Editor in 0.00 ms.
Unloading 4411 Unused Serialized files (Serialized files now loaded: 0)
System memory in use before: 164.2 MB.
System memory in use after: 164.5 MB.

Unloading 29 unused Assets to reduce memory usage. Loaded Objects now: 4836.
Total: 2.189000 ms (FindLiveObjects: 0.262900 ms CreateObjectMapping: 0.114400 ms MarkObjects: 1.728800 ms  DeleteObjects: 0.082000 ms)

AssetImportParameters requested are different than current active one (requested -> active):
  custom:framework-win-MediaFoundation: 216162199b28c13a410421893ffa2e32 -> 
  custom:video-decoder-ogg-theora: a1e56fd34408186e4bbccfd4996cb3dc -> 
  custom:container-muxer-webm: aa71ff27fc2769a1b78a27578f13a17b -> 
  custom:container-demuxer-webm: 4f35f7cbe854078d1ac9338744f61a02 -> 
  custom:container-demuxer-ogg: 62fdf1f143b41e24485cea50d1cbac27 -> 
  custom:video-encoder-webm-vp8: eb34c28f22e8b96e1ab97ce403110664 -> 
  custom:video-codec-MediaFoundation-h265: 746d11721c4dcdbdad8f713fa42b33f4 -> 
  custom:video-decoder-webm-vp8: 9c59270c3fd7afecdb556c50c9e8de78 -> 
  custom:audio-decoder-ogg-vorbis: bf7c407c2cedff20999df2af8eb42d56 -> 
  custom:audio-encoder-webm-vorbis: bf7c407c2cedff20999df2af8eb42d56 -> 
========================================================================
Received Import Request.
  path: Assets/Materials/forKick.mat
  artifactKey: Guid(07fee9f2ea9730f41af260c6c88ed423) Importer(815301076,1909f56bfc062723c751e8b465ee728b)
Start importing Assets/Materials/forKick.mat using Guid(07fee9f2ea9730f41af260c6c88ed423) Importer(815301076,1909f56bfc062723c751e8b465ee728b)  -> (artifact id: 'd21628876575ea30a55e5b3a436864a0') in 0.085621 seconds 
  Import took 0.090718 seconds .

========================================================================
Received Import Request.
  Time since last request: 0.000405 seconds.
  path: Assets/Materials/kickBG.shadergraph
  artifactKey: Guid(e201b0602dc5092489cfaffe60fa79cc) Importer(815301076,1909f56bfc062723c751e8b465ee728b)
Start importing Assets/Materials/kickBG.shadergraph using Guid(e201b0602dc5092489cfaffe60fa79cc) Importer(815301076,1909f56bfc062723c751e8b465ee728b)  -> (artifact id: '26c9c552492fe6db8773089a54acbe95') in 0.005047 seconds 
  Import took 0.011244 seconds .

========================================================================
Received Prepare
Shader 'Universal Render Pipeline/Particles/Lit': fallback shader 'Universal Render Pipeline/Particles/SimpleLit' not found
Refreshing native plugins compatible for Editor in 4.63 ms, found 6 plugins.
Preloading 0 native plugins for Editor in 0.00 ms.
Unloading 70 Unused Serialized files (Serialized files now loaded: 0)
System memory in use before: 80.9 MB.
System memory in use after: 81.2 MB.

Unloading 22 unused Assets to reduce memory usage. Loaded Objects now: 4924.
Total: 2.283400 ms (FindLiveObjects: 0.274700 ms CreateObjectMapping: 0.124100 ms MarkObjects: 1.861700 ms  DeleteObjects: 0.015100 ms)

AssetImportParameters requested are different than current active one (requested -> active):
  custom:framework-win-MediaFoundation: 216162199b28c13a410421893ffa2e32 -> 
  custom:video-decoder-ogg-theora: a1e56fd34408186e4bbccfd4996cb3dc -> 
  custom:container-muxer-webm: aa71ff27fc2769a1b78a27578f13a17b -> 
  custom:container-demuxer-webm: 4f35f7cbe854078d1ac9338744f61a02 -> 
  custom:container-demuxer-ogg: 62fdf1f143b41e24485cea50d1cbac27 -> 
  custom:video-encoder-webm-vp8: eb34c28f22e8b96e1ab97ce403110664 -> 
  custom:video-codec-MediaFoundation-h265: 746d11721c4dcdbdad8f713fa42b33f4 -> 
  custom:video-decoder-webm-vp8: 9c59270c3fd7afecdb556c50c9e8de78 -> 
  custom:audio-decoder-ogg-vorbis: bf7c407c2cedff20999df2af8eb42d56 -> 
  custom:audio-encoder-webm-vorbis: bf7c407c2cedff20999df2af8eb42d56 -> 
========================================================================
Received Prepare
Registering precompiled user dll's ...
Registered in 0.005249 seconds.
Begin MonoManager ReloadAssembly
Symbol file LoadedFromMemory doesn't match image C:\Users\jleem\Downloads\4620_libpd-main (3)\4620_libpd-main\Library\PackageCache\com.unity.visualscripting@1.7.8\Editor\VisualScripting.Core\Dependencies\YamlDotNet\Unity.VisualScripting.YamlDotNet.dll
Symbol file LoadedFromMemory doesn't match image C:\Users\jleem\Downloads\4620_libpd-main (3)\4620_libpd-main\Library\PackageCache\com.unity.visualscripting@1.7.8\Editor\VisualScripting.Core\Dependencies\DotNetZip\Unity.VisualScripting.IonicZip.dll
Native extension for WindowsStandalone target not found
Refreshing native plugins compatible for Editor in 0.73 ms, found 6 plugins.
Preloading 0 native plugins for Editor in 0.00 ms.
Mono: successfully reloaded assembly
- Completed reload, in  0.960 seconds
Platform modules already initialized, skipping
Shader 'Universal Render Pipeline/Particles/Lit': fallback shader 'Universal Render Pipeline/Particles/SimpleLit' not found
Refreshing native plugins compatible for Editor in 0.67 ms, found 6 plugins.
Preloading 0 native plugins for Editor in 0.00 ms.
Unloading 4347 Unused Serialized files (Serialized files now loaded: 0)
System memory in use before: 164.7 MB.
System memory in use after: 165.0 MB.

Unloading 24 unused Assets to reduce memory usage. Loaded Objects now: 4927.
Total: 2.091000 ms (FindLiveObjects: 0.296300 ms CreateObjectMapping: 0.136000 ms MarkObjects: 1.640100 ms  DeleteObjects: 0.017200 ms)

AssetImportParameters requested are different than current active one (requested -> active):
  custom:framework-win-MediaFoundation: 216162199b28c13a410421893ffa2e32 -> 
  custom:video-decoder-ogg-theora: a1e56fd34408186e4bbccfd4996cb3dc -> 
  custom:container-muxer-webm: aa71ff27fc2769a1b78a27578f13a17b -> 
  custom:container-demuxer-webm: 4f35f7cbe854078d1ac9338744f61a02 -> 
  custom:container-demuxer-ogg: 62fdf1f143b41e24485cea50d1cbac27 -> 
  custom:video-encoder-webm-vp8: eb34c28f22e8b96e1ab97ce403110664 -> 
  custom:video-codec-MediaFoundation-h265: 746d11721c4dcdbdad8f713fa42b33f4 -> 
  custom:video-decoder-webm-vp8: 9c59270c3fd7afecdb556c50c9e8de78 -> 
  custom:audio-decoder-ogg-vorbis: bf7c407c2cedff20999df2af8eb42d56 -> 
  custom:audio-encoder-webm-vorbis: bf7c407c2cedff20999df2af8eb42d56 -> 
========================================================================
Received Prepare
Registering precompiled user dll's ...
Registered in 0.004184 seconds.
Begin MonoManager ReloadAssembly
Symbol file LoadedFromMemory doesn't match image C:\Users\jleem\Downloads\4620_libpd-main (3)\4620_libpd-main\Library\PackageCache\com.unity.visualscripting@1.7.8\Editor\VisualScripting.Core\Dependencies\YamlDotNet\Unity.VisualScripting.YamlDotNet.dll
Symbol file LoadedFromMemory doesn't match image C:\Users\jleem\Downloads\4620_libpd-main (3)\4620_libpd-main\Library\PackageCache\com.unity.visualscripting@1.7.8\Editor\VisualScripting.Core\Dependencies\DotNetZip\Unity.VisualScripting.IonicZip.dll
Native extension for WindowsStandalone target not found
Refreshing native plugins compatible for Editor in 0.90 ms, found 6 plugins.
Preloading 0 native plugins for Editor in 0.00 ms.
Mono: successfully reloaded assembly
- Completed reload, in  0.913 seconds
Platform modules already initialized, skipping
Shader 'Universal Render Pipeline/Particles/Lit': fallback shader 'Universal Render Pipeline/Particles/SimpleLit' not found
Refreshing native plugins compatible for Editor in 0.67 ms, found 6 plugins.
Preloading 0 native plugins for Editor in 0.00 ms.
Unloading 4347 Unused Serialized files (Serialized files now loaded: 0)
System memory in use before: 164.8 MB.
System memory in use after: 165.1 MB.

Unloading 24 unused Assets to reduce memory usage. Loaded Objects now: 4930.
Total: 2.372400 ms (FindLiveObjects: 0.264700 ms CreateObjectMapping: 0.197900 ms MarkObjects: 1.877800 ms  DeleteObjects: 0.030900 ms)

AssetImportParameters requested are different than current active one (requested -> active):
  custom:framework-win-MediaFoundation: 216162199b28c13a410421893ffa2e32 -> 
  custom:video-decoder-ogg-theora: a1e56fd34408186e4bbccfd4996cb3dc -> 
  custom:container-muxer-webm: aa71ff27fc2769a1b78a27578f13a17b -> 
  custom:container-demuxer-webm: 4f35f7cbe854078d1ac9338744f61a02 -> 
  custom:container-demuxer-ogg: 62fdf1f143b41e24485cea50d1cbac27 -> 
  custom:video-encoder-webm-vp8: eb34c28f22e8b96e1ab97ce403110664 -> 
  custom:video-codec-MediaFoundation-h265: 746d11721c4dcdbdad8f713fa42b33f4 -> 
  custom:video-decoder-webm-vp8: 9c59270c3fd7afecdb556c50c9e8de78 -> 
  custom:audio-decoder-ogg-vorbis: bf7c407c2cedff20999df2af8eb42d56 -> 
  custom:audio-encoder-webm-vorbis: bf7c407c2cedff20999df2af8eb42d56 -> 
========================================================================
Received Prepare
Registering precompiled user dll's ...
Registered in 0.005008 seconds.
Begin MonoManager ReloadAssembly
Symbol file LoadedFromMemory doesn't match image C:\Users\jleem\Downloads\4620_libpd-main (3)\4620_libpd-main\Library\PackageCache\com.unity.visualscripting@1.7.8\Editor\VisualScripting.Core\Dependencies\YamlDotNet\Unity.VisualScripting.YamlDotNet.dll
Symbol file LoadedFromMemory doesn't match image C:\Users\jleem\Downloads\4620_libpd-main (3)\4620_libpd-main\Library\PackageCache\com.unity.visualscripting@1.7.8\Editor\VisualScripting.Core\Dependencies\DotNetZip\Unity.VisualScripting.IonicZip.dll
Native extension for WindowsStandalone target not found
Refreshing native plugins compatible for Editor in 0.73 ms, found 6 plugins.
Preloading 0 native plugins for Editor in 0.00 ms.
Mono: successfully reloaded assembly
- Completed reload, in  0.914 seconds
Platform modules already initialized, skipping
Shader 'Universal Render Pipeline/Particles/Lit': fallback shader 'Universal Render Pipeline/Particles/SimpleLit' not found
Refreshing native plugins compatible for Editor in 0.76 ms, found 6 plugins.
Preloading 0 native plugins for Editor in 0.00 ms.
Unloading 4347 Unused Serialized files (Serialized files now loaded: 0)
System memory in use before: 164.8 MB.
System memory in use after: 165.1 MB.

Unloading 24 unused Assets to reduce memory usage. Loaded Objects now: 4933.
Total: 2.240600 ms (FindLiveObjects: 0.270900 ms CreateObjectMapping: 0.126300 ms MarkObjects: 1.822100 ms  DeleteObjects: 0.020300 ms)

AssetImportParameters requested are different than current active one (requested -> active):
  custom:framework-win-MediaFoundation: 216162199b28c13a410421893ffa2e32 -> 
  custom:video-decoder-ogg-theora: a1e56fd34408186e4bbccfd4996cb3dc -> 
  custom:container-muxer-webm: aa71ff27fc2769a1b78a27578f13a17b -> 
  custom:container-demuxer-webm: 4f35f7cbe854078d1ac9338744f61a02 -> 
  custom:container-demuxer-ogg: 62fdf1f143b41e24485cea50d1cbac27 -> 
  custom:video-encoder-webm-vp8: eb34c28f22e8b96e1ab97ce403110664 -> 
  custom:video-codec-MediaFoundation-h265: 746d11721c4dcdbdad8f713fa42b33f4 -> 
  custom:video-decoder-webm-vp8: 9c59270c3fd7afecdb556c50c9e8de78 -> 
  custom:audio-decoder-ogg-vorbis: bf7c407c2cedff20999df2af8eb42d56 -> 
  custom:audio-encoder-webm-vorbis: bf7c407c2cedff20999df2af8eb42d56 -> 
========================================================================
Received Prepare
Registering precompiled user dll's ...
Registered in 0.007563 seconds.
Begin MonoManager ReloadAssembly
Symbol file LoadedFromMemory doesn't match image C:\Users\jleem\Downloads\4620_libpd-main (3)\4620_libpd-main\Library\PackageCache\com.unity.visualscripting@1.7.8\Editor\VisualScripting.Core\Dependencies\YamlDotNet\Unity.VisualScripting.YamlDotNet.dll
Symbol file LoadedFromMemory doesn't match image C:\Users\jleem\Downloads\4620_libpd-main (3)\4620_libpd-main\Library\PackageCache\com.unity.visualscripting@1.7.8\Editor\VisualScripting.Core\Dependencies\DotNetZip\Unity.VisualScripting.IonicZip.dll
Native extension for WindowsStandalone target not found
Refreshing native plugins compatible for Editor in 0.70 ms, found 6 plugins.
Preloading 0 native plugins for Editor in 0.00 ms.
Mono: successfully reloaded assembly
- Completed reload, in  0.871 seconds
Platform modules already initialized, skipping
Shader 'Universal Render Pipeline/Particles/Lit': fallback shader 'Universal Render Pipeline/Particles/SimpleLit' not found
Refreshing native plugins compatible for Editor in 0.70 ms, found 6 plugins.
Preloading 0 native plugins for Editor in 0.00 ms.
Unloading 4347 Unused Serialized files (Serialized files now loaded: 0)
System memory in use before: 164.9 MB.
System memory in use after: 165.1 MB.

Unloading 24 unused Assets to reduce memory usage. Loaded Objects now: 4936.
Total: 2.251500 ms (FindLiveObjects: 0.297300 ms CreateObjectMapping: 0.152900 ms MarkObjects: 1.783500 ms  DeleteObjects: 0.016800 ms)

AssetImportParameters requested are different than current active one (requested -> active):
  custom:framework-win-MediaFoundation: 216162199b28c13a410421893ffa2e32 -> 
  custom:video-decoder-ogg-theora: a1e56fd34408186e4bbccfd4996cb3dc -> 
  custom:container-muxer-webm: aa71ff27fc2769a1b78a27578f13a17b -> 
  custom:container-demuxer-webm: 4f35f7cbe854078d1ac9338744f61a02 -> 
  custom:container-demuxer-ogg: 62fdf1f143b41e24485cea50d1cbac27 -> 
  custom:video-encoder-webm-vp8: eb34c28f22e8b96e1ab97ce403110664 -> 
  custom:video-codec-MediaFoundation-h265: 746d11721c4dcdbdad8f713fa42b33f4 -> 
  custom:video-decoder-webm-vp8: 9c59270c3fd7afecdb556c50c9e8de78 -> 
  custom:audio-decoder-ogg-vorbis: bf7c407c2cedff20999df2af8eb42d56 -> 
  custom:audio-encoder-webm-vorbis: bf7c407c2cedff20999df2af8eb42d56 -> 
========================================================================
Received Prepare
Registering precompiled user dll's ...
Registered in 0.004957 seconds.
Begin MonoManager ReloadAssembly
Symbol file LoadedFromMemory doesn't match image C:\Users\jleem\Downloads\4620_libpd-main (3)\4620_libpd-main\Library\PackageCache\com.unity.visualscripting@1.7.8\Editor\VisualScripting.Core\Dependencies\YamlDotNet\Unity.VisualScripting.YamlDotNet.dll
Symbol file LoadedFromMemory doesn't match image C:\Users\jleem\Downloads\4620_libpd-main (3)\4620_libpd-main\Library\PackageCache\com.unity.visualscripting@1.7.8\Editor\VisualScripting.Core\Dependencies\DotNetZip\Unity.VisualScripting.IonicZip.dll
Native extension for WindowsStandalone target not found
Refreshing native plugins compatible for Editor in 0.72 ms, found 6 plugins.
Preloading 0 native plugins for Editor in 0.00 ms.
Mono: successfully reloaded assembly
- Completed reload, in  0.810 seconds
Platform modules already initialized, skipping
Shader 'Universal Render Pipeline/Particles/Lit': fallback shader 'Universal Render Pipeline/Particles/SimpleLit' not found
Refreshing native plugins compatible for Editor in 0.69 ms, found 6 plugins.
Preloading 0 native plugins for Editor in 0.00 ms.
Unloading 4347 Unused Serialized files (Serialized files now loaded: 0)
System memory in use before: 164.9 MB.
System memory in use after: 165.1 MB.

Unloading 24 unused Assets to reduce memory usage. Loaded Objects now: 4939.
Total: 2.020600 ms (FindLiveObjects: 0.241900 ms CreateObjectMapping: 0.116100 ms MarkObjects: 1.646400 ms  DeleteObjects: 0.015300 ms)

AssetImportParameters requested are different than current active one (requested -> active):
  custom:framework-win-MediaFoundation: 216162199b28c13a410421893ffa2e32 -> 
  custom:video-decoder-ogg-theora: a1e56fd34408186e4bbccfd4996cb3dc -> 
  custom:container-muxer-webm: aa71ff27fc2769a1b78a27578f13a17b -> 
  custom:container-demuxer-webm: 4f35f7cbe854078d1ac9338744f61a02 -> 
  custom:container-demuxer-ogg: 62fdf1f143b41e24485cea50d1cbac27 -> 
  custom:video-encoder-webm-vp8: eb34c28f22e8b96e1ab97ce403110664 -> 
  custom:video-codec-MediaFoundation-h265: 746d11721c4dcdbdad8f713fa42b33f4 -> 
  custom:video-decoder-webm-vp8: 9c59270c3fd7afecdb556c50c9e8de78 -> 
  custom:audio-decoder-ogg-vorbis: bf7c407c2cedff20999df2af8eb42d56 -> 
  custom:audio-encoder-webm-vorbis: bf7c407c2cedff20999df2af8eb42d56 -> 
========================================================================
Received Import Request.
  Time since last request: 322.556517 seconds.
  path: Assets/Drums/Kick/Acoustic Kick 01.wav
  artifactKey: Guid(883dfa376cd916b41b275a63a80a0782) Importer(815301076,1909f56bfc062723c751e8b465ee728b)
Start importing Assets/Drums/Kick/Acoustic Kick 01.wav using Guid(883dfa376cd916b41b275a63a80a0782) Importer(815301076,1909f56bfc062723c751e8b465ee728b)  -> (artifact id: '683d538f9edce564f75af79e079a90ec') in 0.091869 seconds 
  Import took 0.098063 seconds .

========================================================================
Received Import Request.
  Time since last request: 0.000236 seconds.
  path: Assets/Drums/Kick/Acoustic Kick 25.wav
  artifactKey: Guid(0da59519d4acfb04596e6ecea7a8de36) Importer(815301076,1909f56bfc062723c751e8b465ee728b)
Start importing Assets/Drums/Kick/Acoustic Kick 25.wav using Guid(0da59519d4acfb04596e6ecea7a8de36) Importer(815301076,1909f56bfc062723c751e8b465ee728b)  -> (artifact id: 'e5f4ba717d9305d6565a3c23292639a9') in 0.019651 seconds 
  Import took 0.025104 seconds .

========================================================================
Received Import Request.
  Time since last request: 0.000250 seconds.
  path: Assets/Drums/Kick/Acoustic Kick 09.wav
  artifactKey: Guid(f0a1b68f18e593b45ba5e113a3262654) Importer(815301076,1909f56bfc062723c751e8b465ee728b)
Start importing Assets/Drums/Kick/Acoustic Kick 09.wav using Guid(f0a1b68f18e593b45ba5e113a3262654) Importer(815301076,1909f56bfc062723c751e8b465ee728b)  -> (artifact id: '3b0ecbcbb7e440410e108273bcd30afd') in 0.016961 seconds 
  Import took 0.022934 seconds .

========================================================================
Received Import Request.
  Time since last request: 0.000303 seconds.
  path: Assets/Drums/Kick/Acoustic Kick 21.wav
  artifactKey: Guid(48f61d759b43d304a824a7ceff307053) Importer(815301076,1909f56bfc062723c751e8b465ee728b)
Start importing Assets/Drums/Kick/Acoustic Kick 21.wav using Guid(48f61d759b43d304a824a7ceff307053) Importer(815301076,1909f56bfc062723c751e8b465ee728b)  -> (artifact id: 'ab462a1c480047d00a16d0bedb40d131') in 0.018850 seconds 
  Import took 0.024272 seconds .

========================================================================
Received Import Request.
  Time since last request: 0.000208 seconds.
  path: Assets/Drums/Kick/Acoustic Kick 07.wav
  artifactKey: Guid(0f9d391ab83c04048981717413ea83b6) Importer(815301076,1909f56bfc062723c751e8b465ee728b)
Start importing Assets/Drums/Kick/Acoustic Kick 07.wav using Guid(0f9d391ab83c04048981717413ea83b6) Importer(815301076,1909f56bfc062723c751e8b465ee728b)  -> (artifact id: '1e5017c9b79666179fd6d641f2d155dc') in 0.017633 seconds 
  Import took 0.024689 seconds .

========================================================================
Received Import Request.
  Time since last request: 0.000186 seconds.
  path: Assets/Drums/Kick/Acoustic Kick 11.wav
  artifactKey: Guid(9a5472b197723e6469ce813abf3e77e9) Importer(815301076,1909f56bfc062723c751e8b465ee728b)
Start importing Assets/Drums/Kick/Acoustic Kick 11.wav using Guid(9a5472b197723e6469ce813abf3e77e9) Importer(815301076,1909f56bfc062723c751e8b465ee728b)  -> (artifact id: '4ed233d29e8b8b90bd59717967409866') in 0.018496 seconds 
  Import took 0.024363 seconds .

========================================================================
Received Import Request.
  Time since last request: 0.000199 seconds.
  path: Assets/Drums/Kick/Acoustic Kick 14.wav
  artifactKey: Guid(360a3ba27100cca429b9ebe305d03a0a) Importer(815301076,1909f56bfc062723c751e8b465ee728b)
Start importing Assets/Drums/Kick/Acoustic Kick 14.wav using Guid(360a3ba27100cca429b9ebe305d03a0a) Importer(815301076,1909f56bfc062723c751e8b465ee728b)  -> (artifact id: 'f3d21ab9632c89ae0bc5dc974aaa2226') in 0.018030 seconds 
  Import took 0.025049 seconds .

========================================================================
Received Import Request.
  Time since last request: 0.000197 seconds.
  path: Assets/Drums/Kick/Acoustic Kick 23.wav
  artifactKey: Guid(4c13040ccb8c0d048a4bef7826e29f12) Importer(815301076,1909f56bfc062723c751e8b465ee728b)
Start importing Assets/Drums/Kick/Acoustic Kick 23.wav using Guid(4c13040ccb8c0d048a4bef7826e29f12) Importer(815301076,1909f56bfc062723c751e8b465ee728b)  -> (artifact id: '9d316153e5712821a48296cc9e85a7fa') in 0.017534 seconds 
  Import took 0.023612 seconds .

========================================================================
Received Import Request.
  Time since last request: 0.000175 seconds.
  path: Assets/Drums/Kick/Acoustic Kick 12.wav
  artifactKey: Guid(ef629c647c930694b9e477639efc2b69) Importer(815301076,1909f56bfc062723c751e8b465ee728b)
Start importing Assets/Drums/Kick/Acoustic Kick 12.wav using Guid(ef629c647c930694b9e477639efc2b69) Importer(815301076,1909f56bfc062723c751e8b465ee728b)  -> (artifact id: 'c3c53be15feb02f634d575522f94da20') in 0.018145 seconds 
  Import took 0.023970 seconds .

========================================================================
Received Import Request.
  Time since last request: 0.000182 seconds.
  path: Assets/Drums/Kick/Acoustic Kick 16.wav
  artifactKey: Guid(2b6480e503d428543ba78c697e42eb31) Importer(815301076,1909f56bfc062723c751e8b465ee728b)
Start importing Assets/Drums/Kick/Acoustic Kick 16.wav using Guid(2b6480e503d428543ba78c697e42eb31) Importer(815301076,1909f56bfc062723c751e8b465ee728b)  -> (artifact id: '72875d56a0c80c95ccf0708f3eb60a6a') in 0.017874 seconds 
  Import took 0.026347 seconds .

========================================================================
Received Import Request.
  Time since last request: 0.000158 seconds.
  path: Assets/Drums/Kick/Acoustic Kick 26.wav
  artifactKey: Guid(ae21b48efe0cc7b4f88e2c027dca7287) Importer(815301076,1909f56bfc062723c751e8b465ee728b)
Start importing Assets/Drums/Kick/Acoustic Kick 26.wav using Guid(ae21b48efe0cc7b4f88e2c027dca7287) Importer(815301076,1909f56bfc062723c751e8b465ee728b)  -> (artifact id: '81e40cfece65c5fff3498c361464e2ab') in 0.017485 seconds 
  Import took 0.024349 seconds .

========================================================================
Received Import Request.
  Time since last request: 0.000230 seconds.
  path: Assets/Drums/Kick/Acoustic Kick 05.wav
  artifactKey: Guid(d73c09675ff9a97469840e7b335dd2a1) Importer(815301076,1909f56bfc062723c751e8b465ee728b)
Start importing Assets/Drums/Kick/Acoustic Kick 05.wav using Guid(d73c09675ff9a97469840e7b335dd2a1) Importer(815301076,1909f56bfc062723c751e8b465ee728b)  -> (artifact id: '183ef75f62c7f26c08929fec669357ca') in 0.018434 seconds 
  Import took 0.024005 seconds .

========================================================================
Received Import Request.
  Time since last request: 0.000156 seconds.
  path: Assets/Drums/Kick/Acoustic Kick 19.wav
  artifactKey: Guid(089a97f69c8e0564e8fa1daf3a2fd3e1) Importer(815301076,1909f56bfc062723c751e8b465ee728b)
Start importing Assets/Drums/Kick/Acoustic Kick 19.wav using Guid(089a97f69c8e0564e8fa1daf3a2fd3e1) Importer(815301076,1909f56bfc062723c751e8b465ee728b)  -> (artifact id: 'ce1850463105d5fa0f4ba4ddd537919c') in 0.017454 seconds 
  Import took 0.024916 seconds .

========================================================================
Received Import Request.
  Time since last request: 0.000212 seconds.
  path: Assets/Drums/Kick/Acoustic Kick 02.wav
  artifactKey: Guid(2822ceb59b3b29d4db0ea4fdf6cc7223) Importer(815301076,1909f56bfc062723c751e8b465ee728b)
Start importing Assets/Drums/Kick/Acoustic Kick 02.wav using Guid(2822ceb59b3b29d4db0ea4fdf6cc7223) Importer(815301076,1909f56bfc062723c751e8b465ee728b)  -> (artifact id: '894ed4f5f724f21a8bc7dbdd42795cf4') in 0.018636 seconds 
  Import took 0.024414 seconds .

========================================================================
Received Import Request.
  Time since last request: 0.000138 seconds.
  path: Assets/Drums/Kick/Acoustic Kick 08.wav
  artifactKey: Guid(95237948d6749b44b95bf6434852e4ca) Importer(815301076,1909f56bfc062723c751e8b465ee728b)
Start importing Assets/Drums/Kick/Acoustic Kick 08.wav using Guid(95237948d6749b44b95bf6434852e4ca) Importer(815301076,1909f56bfc062723c751e8b465ee728b)  -> (artifact id: '2f59261786421a3fe3bd8c92d85419eb') in 0.017283 seconds 
  Import took 0.022915 seconds .

========================================================================
Received Import Request.
  Time since last request: 0.000254 seconds.
  path: Assets/Drums/Kick/Acoustic Kick 27.wav
  artifactKey: Guid(de99b4be8a04a824f8fc66b568773e81) Importer(815301076,1909f56bfc062723c751e8b465ee728b)
Start importing Assets/Drums/Kick/Acoustic Kick 27.wav using Guid(de99b4be8a04a824f8fc66b568773e81) Importer(815301076,1909f56bfc062723c751e8b465ee728b)  -> (artifact id: '1a1614adc1f5791b19ac3d40b3f31d57') in 0.017836 seconds 
  Import took 0.024933 seconds .

========================================================================
Received Import Request.
  Time since last request: 0.000238 seconds.
  path: Assets/Drums/Kick/Acoustic Kick 24.wav
  artifactKey: Guid(22557d86377a62b45b476a12a2d2f74e) Importer(815301076,1909f56bfc062723c751e8b465ee728b)
Start importing Assets/Drums/Kick/Acoustic Kick 24.wav using Guid(22557d86377a62b45b476a12a2d2f74e) Importer(815301076,1909f56bfc062723c751e8b465ee728b)  -> (artifact id: 'd9d362c400910da4b205f23ed0f0e2e9') in 0.017466 seconds 
  Import took 0.023964 seconds .

========================================================================
Received Import Request.
  Time since last request: 0.000173 seconds.
  path: Assets/Drums/Kick/Acoustic Kick 22.wav
  artifactKey: Guid(30a7688548c31754cb9c9c94586105cd) Importer(815301076,1909f56bfc062723c751e8b465ee728b)
Start importing Assets/Drums/Kick/Acoustic Kick 22.wav using Guid(30a7688548c31754cb9c9c94586105cd) Importer(815301076,1909f56bfc062723c751e8b465ee728b)  -> (artifact id: '8531269b109a750d4962af2d7178a911') in 0.019641 seconds 
  Import took 0.025495 seconds .

========================================================================
Received Import Request.
  Time since last request: 0.000166 seconds.
  path: Assets/Drums/Kick/Acoustic Kick 15.wav
  artifactKey: Guid(d0684d1f00342ef4591e44c67a943096) Importer(815301076,1909f56bfc062723c751e8b465ee728b)
Start importing Assets/Drums/Kick/Acoustic Kick 15.wav using Guid(d0684d1f00342ef4591e44c67a943096) Importer(815301076,1909f56bfc062723c751e8b465ee728b)  -> (artifact id: '60e90a9237e2d84818647ddd9d8d3a86') in 0.019335 seconds 
  Import took 0.025963 seconds .

========================================================================
Received Import Request.
  Time since last request: 0.000227 seconds.
  path: Assets/Drums/Kick/Acoustic Kick 04.wav
  artifactKey: Guid(e11a3f29be6f15b4d9419c66077fca3a) Importer(815301076,1909f56bfc062723c751e8b465ee728b)
Start importing Assets/Drums/Kick/Acoustic Kick 04.wav using Guid(e11a3f29be6f15b4d9419c66077fca3a) Importer(815301076,1909f56bfc062723c751e8b465ee728b)  -> (artifact id: 'c52995b2703ca92e77c28f0733e66e9b') in 0.019111 seconds 
  Import took 0.024865 seconds .

========================================================================
Received Import Request.
  Time since last request: 0.000201 seconds.
  path: Assets/Drums/Kick/Acoustic Kick 10.wav
  artifactKey: Guid(7265117752e2692449ee13035b5f98a6) Importer(815301076,1909f56bfc062723c751e8b465ee728b)
Start importing Assets/Drums/Kick/Acoustic Kick 10.wav using Guid(7265117752e2692449ee13035b5f98a6) Importer(815301076,1909f56bfc062723c751e8b465ee728b)  -> (artifact id: '85f8202ae697b7a417849b9cdaa941d9') in 0.017939 seconds 
  Import took 0.025971 seconds .

========================================================================
Received Import Request.
  Time since last request: 0.000180 seconds.
  path: Assets/Drums/Kick/Acoustic Kick 20.wav
  artifactKey: Guid(d56225279ef9c4a479ecd52a312d9685) Importer(815301076,1909f56bfc062723c751e8b465ee728b)
Start importing Assets/Drums/Kick/Acoustic Kick 20.wav using Guid(d56225279ef9c4a479ecd52a312d9685) Importer(815301076,1909f56bfc062723c751e8b465ee728b)  -> (artifact id: '78a9452c6b900c280036bca0790fa0c4') in 0.018568 seconds 
  Import took 0.025553 seconds .

========================================================================
Received Import Request.
  Time since last request: 0.000290 seconds.
  path: Assets/Drums/Kick/Acoustic Kick 18.wav
  artifactKey: Guid(caa1734cad47a544f8d7d891a5d08fea) Importer(815301076,1909f56bfc062723c751e8b465ee728b)
Start importing Assets/Drums/Kick/Acoustic Kick 18.wav using Guid(caa1734cad47a544f8d7d891a5d08fea) Importer(815301076,1909f56bfc062723c751e8b465ee728b)  -> (artifact id: 'aa72c1d0e70e4b27175e4d55d1388c82') in 0.019923 seconds 
  Import took 0.028032 seconds .

========================================================================
Received Import Request.
  Time since last request: 0.000166 seconds.
  path: Assets/Drums/Kick/Acoustic Kick 17.wav
  artifactKey: Guid(6c61e6eebb1476843a6cd2ef14831b92) Importer(815301076,1909f56bfc062723c751e8b465ee728b)
Start importing Assets/Drums/Kick/Acoustic Kick 17.wav using Guid(6c61e6eebb1476843a6cd2ef14831b92) Importer(815301076,1909f56bfc062723c751e8b465ee728b)  -> (artifact id: '589ba9c6c550df1b5471562ed6797983') in 0.019114 seconds 
  Import took 0.024696 seconds .

========================================================================
Received Import Request.
  Time since last request: 0.000180 seconds.
  path: Assets/Drums/Kick/Acoustic Kick 03.wav
  artifactKey: Guid(ebca7e6bae6786c4ab899ab143ffb11f) Importer(815301076,1909f56bfc062723c751e8b465ee728b)
Start importing Assets/Drums/Kick/Acoustic Kick 03.wav using Guid(ebca7e6bae6786c4ab899ab143ffb11f) Importer(815301076,1909f56bfc062723c751e8b465ee728b)  -> (artifact id: '38c5cf48f76bff269c0dda58c3ede89a') in 0.018037 seconds 
  Import took 0.024120 seconds .

========================================================================
Received Import Request.
  Time since last request: 0.000183 seconds.
  path: Assets/Drums/Kick/Acoustic Kick 13.wav
  artifactKey: Guid(a4ca5810e353048448545ea6d8980dfc) Importer(815301076,1909f56bfc062723c751e8b465ee728b)
Start importing Assets/Drums/Kick/Acoustic Kick 13.wav using Guid(a4ca5810e353048448545ea6d8980dfc) Importer(815301076,1909f56bfc062723c751e8b465ee728b)  -> (artifact id: '66b06a87564c2707509a80864da7b6d2') in 0.018509 seconds 
  Import took 0.024496 seconds .

========================================================================
Received Import Request.
  Time since last request: 0.000244 seconds.
  path: Assets/Drums/Kick/Acoustic Kick 03.wav
  artifactKey: Guid(ebca7e6bae6786c4ab899ab143ffb11f) Importer(815301076,1909f56bfc062723c751e8b465ee728b)
Start importing Assets/Drums/Kick/Acoustic Kick 03.wav using Guid(ebca7e6bae6786c4ab899ab143ffb11f) Importer(815301076,1909f56bfc062723c751e8b465ee728b)  -> (artifact id: '38c5cf48f76bff269c0dda58c3ede89a') in 0.007271 seconds 
  Import took 0.013537 seconds .

========================================================================
Received Import Request.
  Time since last request: 0.000169 seconds.
  path: Assets/Drums/Kick/Acoustic Kick 28.wav
  artifactKey: Guid(7eac94b93c2337249aa91430363f74e7) Importer(815301076,1909f56bfc062723c751e8b465ee728b)
Start importing Assets/Drums/Kick/Acoustic Kick 28.wav using Guid(7eac94b93c2337249aa91430363f74e7) Importer(815301076,1909f56bfc062723c751e8b465ee728b)  -> (artifact id: 'd0434f482cee8ed475a5a0fe7d22eee9') in 0.019731 seconds 
  Import took 0.026720 seconds .

========================================================================
Received Import Request.
  Time since last request: 0.000201 seconds.
  path: Assets/Drums/Kick/Acoustic Kick 29.wav
  artifactKey: Guid(6bf192a51861bbe4a926011bdc65fc6d) Importer(815301076,1909f56bfc062723c751e8b465ee728b)
Start importing Assets/Drums/Kick/Acoustic Kick 29.wav using Guid(6bf192a51861bbe4a926011bdc65fc6d) Importer(815301076,1909f56bfc062723c751e8b465ee728b)  -> (artifact id: '99e39be619f0f898e1427a4f67953fff') in 0.020667 seconds 
  Import took 0.026484 seconds .

========================================================================
Received Import Request.
  Time since last request: 0.000203 seconds.
  path: Assets/Drums/Kick/Acoustic Kick 06.wav
  artifactKey: Guid(3fb28d43a06c7ad49ab1dcfda2819656) Importer(815301076,1909f56bfc062723c751e8b465ee728b)
Start importing Assets/Drums/Kick/Acoustic Kick 06.wav using Guid(3fb28d43a06c7ad49ab1dcfda2819656) Importer(815301076,1909f56bfc062723c751e8b465ee728b)  -> (artifact id: 'e323eaf395e036c288c0eac6789d7dd0') in 0.017360 seconds 
  Import took 0.025079 seconds .

========================================================================
Received Import Request.
  Time since last request: 0.001097 seconds.
  path: Assets/Drums/Kick/Acoustic Kick 06.wav
  artifactKey: Guid(3fb28d43a06c7ad49ab1dcfda2819656) Importer(815301076,1909f56bfc062723c751e8b465ee728b)
Start importing Assets/Drums/Kick/Acoustic Kick 06.wav using Guid(3fb28d43a06c7ad49ab1dcfda2819656) Importer(815301076,1909f56bfc062723c751e8b465ee728b)  -> (artifact id: 'e323eaf395e036c288c0eac6789d7dd0') in 0.007372 seconds 
  Import took 0.015266 seconds .

========================================================================
Received Import Request.
  Time since last request: 1.987335 seconds.
  path: Assets/Sounds/1-1.wav
  artifactKey: Guid(9f354f2b5fcb39a4190a8fbee9fe1ef7) Importer(815301076,1909f56bfc062723c751e8b465ee728b)
Start importing Assets/Sounds/1-1.wav using Guid(9f354f2b5fcb39a4190a8fbee9fe1ef7) Importer(815301076,1909f56bfc062723c751e8b465ee728b)  -> (artifact id: '56cff8ee8f473f6d85d4c644514c22ac') in 0.011778 seconds 
  Import took 0.017771 seconds .

========================================================================
Received Import Request.
  Time since last request: 0.000342 seconds.
  path: Assets/Sounds/3-8.wav
  artifactKey: Guid(1a1b7c3b7f40ddb4c99fcda5d23b1a4f) Importer(815301076,1909f56bfc062723c751e8b465ee728b)
Start importing Assets/Sounds/3-8.wav using Guid(1a1b7c3b7f40ddb4c99fcda5d23b1a4f) Importer(815301076,1909f56bfc062723c751e8b465ee728b)  -> (artifact id: 'cb15e58ab126045829120f8da6ee7208') in 0.012882 seconds 
  Import took 0.019865 seconds .

========================================================================
Received Import Request.
  Time since last request: 0.000236 seconds.
  path: Assets/Sounds/basslow.wav
  artifactKey: Guid(971ff5cd819a5114e9725e97b2d10719) Importer(815301076,1909f56bfc062723c751e8b465ee728b)
Start importing Assets/Sounds/basslow.wav using Guid(971ff5cd819a5114e9725e97b2d10719) Importer(815301076,1909f56bfc062723c751e8b465ee728b)  -> (artifact id: 'adbbba80e66a020a34d4af08e793bc32') in 0.013806 seconds 
  Import took 0.022334 seconds .

========================================================================
Received Import Request.
  Time since last request: 0.000228 seconds.
  path: Assets/Sounds/3-16.wav
  artifactKey: Guid(ef163a83752e8004db13c5dd63f38303) Importer(815301076,1909f56bfc062723c751e8b465ee728b)
Start importing Assets/Sounds/3-16.wav using Guid(ef163a83752e8004db13c5dd63f38303) Importer(815301076,1909f56bfc062723c751e8b465ee728b)  -> (artifact id: '885102b7e095c337fad21629904a7ecb') in 0.013165 seconds 
  Import took 0.022505 seconds .

========================================================================
Received Import Request.
  Time since last request: 0.000210 seconds.
  path: Assets/Sounds/1-2.wav
  artifactKey: Guid(9e8ee7d41d410164ab9f2a6481665c72) Importer(815301076,1909f56bfc062723c751e8b465ee728b)
Start importing Assets/Sounds/1-2.wav using Guid(9e8ee7d41d410164ab9f2a6481665c72) Importer(815301076,1909f56bfc062723c751e8b465ee728b)  -> (artifact id: 'e4741d24992bb34f7899713c9ef8b37d') in 0.013631 seconds 
  Import took 0.021949 seconds .

========================================================================
Received Import Request.
  Time since last request: 0.000315 seconds.
  path: Assets/Sounds/5-4.wav
  artifactKey: Guid(0580353cb43ee9942b7c09ef818132f7) Importer(815301076,1909f56bfc062723c751e8b465ee728b)
Start importing Assets/Sounds/5-4.wav using Guid(0580353cb43ee9942b7c09ef818132f7) Importer(815301076,1909f56bfc062723c751e8b465ee728b)  -> (artifact id: '138c77343ba4c693b856a66465c9bd45') in 0.012630 seconds 
  Import took 0.019780 seconds .

========================================================================
Received Import Request.
  Time since last request: 0.000192 seconds.
  path: Assets/Sounds/1-2.wav
  artifactKey: Guid(9e8ee7d41d410164ab9f2a6481665c72) Importer(815301076,1909f56bfc062723c751e8b465ee728b)
Start importing Assets/Sounds/1-2.wav using Guid(9e8ee7d41d410164ab9f2a6481665c72) Importer(815301076,1909f56bfc062723c751e8b465ee728b)  -> (artifact id: 'e4741d24992bb34f7899713c9ef8b37d') in 0.006586 seconds 
  Import took 0.012720 seconds .

========================================================================
Received Import Request.
  Time since last request: 0.000177 seconds.
  path: Assets/Sounds/3-4.wav
  artifactKey: Guid(2a31713f7d33b554793ab06a9057f644) Importer(815301076,1909f56bfc062723c751e8b465ee728b)
Start importing Assets/Sounds/3-4.wav using Guid(2a31713f7d33b554793ab06a9057f644) Importer(815301076,1909f56bfc062723c751e8b465ee728b)  -> (artifact id: 'ab9f94037349bd2d9caa60f0e8dbb974') in 0.012041 seconds 
  Import took 0.020875 seconds .

========================================================================
Received Import Request.
  Time since last request: 0.000169 seconds.
  path: Assets/Sounds/hihat.wav
  artifactKey: Guid(ac9789648b82d444b83a9c89e3020251) Importer(815301076,1909f56bfc062723c751e8b465ee728b)
Start importing Assets/Sounds/hihat.wav using Guid(ac9789648b82d444b83a9c89e3020251) Importer(815301076,1909f56bfc062723c751e8b465ee728b)  -> (artifact id: '2760d47df2b002958a3779e3574ef769') in 0.011755 seconds 
  Import took 0.018236 seconds .

========================================================================
Received Import Request.
  Time since last request: 0.000191 seconds.
  path: Assets/Sounds/basshigh.wav
  artifactKey: Guid(cb8100bc2e71603429ef3dea3760028c) Importer(815301076,1909f56bfc062723c751e8b465ee728b)
Start importing Assets/Sounds/basshigh.wav using Guid(cb8100bc2e71603429ef3dea3760028c) Importer(815301076,1909f56bfc062723c751e8b465ee728b)  -> (artifact id: '93f005bcaca7c63d79ad744d706c1d6c') in 0.012437 seconds 
  Import took 0.020275 seconds .

========================================================================
Received Import Request.
  Time since last request: 0.000172 seconds.
  path: Assets/Sounds/snare.wav
  artifactKey: Guid(dda5706ecccd0d64bac76c4ccf6b78d1) Importer(815301076,1909f56bfc062723c751e8b465ee728b)
Start importing Assets/Sounds/snare.wav using Guid(dda5706ecccd0d64bac76c4ccf6b78d1) Importer(815301076,1909f56bfc062723c751e8b465ee728b)  -> (artifact id: '26a5f035269f88b1d126cf404aadaf69') in 0.012317 seconds 
  Import took 0.018453 seconds .

========================================================================
Received Import Request.
  Time since last request: 0.000208 seconds.
  path: Assets/Sounds/7-8.wav
  artifactKey: Guid(c9215d30672bebe42b9e4786396c4fbd) Importer(815301076,1909f56bfc062723c751e8b465ee728b)
Start importing Assets/Sounds/7-8.wav using Guid(c9215d30672bebe42b9e4786396c4fbd) Importer(815301076,1909f56bfc062723c751e8b465ee728b)  -> (artifact id: '1ca60901ff3f11fa8c6f3b20dfa93f4f') in 0.012850 seconds 
  Import took 0.019502 seconds .

========================================================================
Received Import Request.
  Time since last request: 0.000158 seconds.
  path: Assets/Sounds/1-4.wav
  artifactKey: Guid(b63ec24999cddc74293be31305bf7aad) Importer(815301076,1909f56bfc062723c751e8b465ee728b)
Start importing Assets/Sounds/1-4.wav using Guid(b63ec24999cddc74293be31305bf7aad) Importer(815301076,1909f56bfc062723c751e8b465ee728b)  -> (artifact id: '043be2bf0521ddc6630b7451a2dc4a3c') in 0.011699 seconds 
  Import took 0.018317 seconds .

========================================================================
Received Import Request.
  Time since last request: 0.000236 seconds.
  path: Assets/Sounds/kick.wav
  artifactKey: Guid(451425e70f0f8bf4fbc7218dda0ccd53) Importer(815301076,1909f56bfc062723c751e8b465ee728b)
Start importing Assets/Sounds/kick.wav using Guid(451425e70f0f8bf4fbc7218dda0ccd53) Importer(815301076,1909f56bfc062723c751e8b465ee728b)  -> (artifact id: 'c65531ed6bf27dca284fa1ef9acb9075') in 0.012456 seconds 
  Import took 0.021194 seconds .

========================================================================
Received Import Request.
  Time since last request: 0.001898 seconds.
  path: Assets/Sounds/kick.wav
  artifactKey: Guid(451425e70f0f8bf4fbc7218dda0ccd53) Importer(815301076,1909f56bfc062723c751e8b465ee728b)
Start importing Assets/Sounds/kick.wav using Guid(451425e70f0f8bf4fbc7218dda0ccd53) Importer(815301076,1909f56bfc062723c751e8b465ee728b)  -> (artifact id: 'c65531ed6bf27dca284fa1ef9acb9075') in 0.007474 seconds 
  Import took 0.016949 seconds .

========================================================================
Received Import Request.
  Time since last request: 124.461549 seconds.
  path: Assets/StreamingAssets/PdAssets
  artifactKey: Guid(56d6d4d0d9f1a964db79e74898c8bf8a) Importer(815301076,1909f56bfc062723c751e8b465ee728b)
Start importing Assets/StreamingAssets/PdAssets using Guid(56d6d4d0d9f1a964db79e74898c8bf8a) Importer(815301076,1909f56bfc062723c751e8b465ee728b)  -> (artifact id: '1701f5e47dfb7e9b679eab6d1c1277e8') in 0.008360 seconds 
  Import took 0.016182 seconds .

========================================================================
Received Import Request.
  Time since last request: 3.369265 seconds.
  path: Assets/StreamingAssets/PdAssets/play_samples.pd
  artifactKey: Guid(67a3f2781341a7b48b878f454075bbff) Importer(815301076,1909f56bfc062723c751e8b465ee728b)
Start importing Assets/StreamingAssets/PdAssets/play_samples.pd using Guid(67a3f2781341a7b48b878f454075bbff) Importer(815301076,1909f56bfc062723c751e8b465ee728b)  -> (artifact id: '1efcbb31bfb53f3d80d27e28d80196e4') in 0.030857 seconds 
  Import took 0.037023 seconds .

========================================================================
Received Prepare
Registering precompiled user dll's ...
Registered in 0.004307 seconds.
Begin MonoManager ReloadAssembly
Symbol file LoadedFromMemory doesn't match image C:\Users\jleem\Downloads\4620_libpd-main (3)\4620_libpd-main\Library\PackageCache\com.unity.visualscripting@1.7.8\Editor\VisualScripting.Core\Dependencies\YamlDotNet\Unity.VisualScripting.YamlDotNet.dll
Symbol file LoadedFromMemory doesn't match image C:\Users\jleem\Downloads\4620_libpd-main (3)\4620_libpd-main\Library\PackageCache\com.unity.visualscripting@1.7.8\Editor\VisualScripting.Core\Dependencies\DotNetZip\Unity.VisualScripting.IonicZip.dll
Native extension for WindowsStandalone target not found
Refreshing native plugins compatible for Editor in 0.79 ms, found 6 plugins.
Preloading 0 native plugins for Editor in 0.00 ms.
Mono: successfully reloaded assembly
- Completed reload, in  0.831 seconds
Platform modules already initialized, skipping
Shader 'Universal Render Pipeline/Particles/Lit': fallback shader 'Universal Render Pipeline/Particles/SimpleLit' not found
Refreshing native plugins compatible for Editor in 0.68 ms, found 6 plugins.
Preloading 0 native plugins for Editor in 0.00 ms.
Unloading 4347 Unused Serialized files (Serialized files now loaded: 0)
System memory in use before: 165.0 MB.
System memory in use after: 165.3 MB.

Unloading 24 unused Assets to reduce memory usage. Loaded Objects now: 4945.
Total: 1.953700 ms (FindLiveObjects: 0.292200 ms CreateObjectMapping: 0.119400 ms MarkObjects: 1.524900 ms  DeleteObjects: 0.016300 ms)

AssetImportParameters requested are different than current active one (requested -> active):
  custom:framework-win-MediaFoundation: 216162199b28c13a410421893ffa2e32 -> 
  custom:video-decoder-ogg-theora: a1e56fd34408186e4bbccfd4996cb3dc -> 
  custom:container-muxer-webm: aa71ff27fc2769a1b78a27578f13a17b -> 
  custom:container-demuxer-webm: 4f35f7cbe854078d1ac9338744f61a02 -> 
  custom:container-demuxer-ogg: 62fdf1f143b41e24485cea50d1cbac27 -> 
  custom:video-encoder-webm-vp8: eb34c28f22e8b96e1ab97ce403110664 -> 
  custom:video-codec-MediaFoundation-h265: 746d11721c4dcdbdad8f713fa42b33f4 -> 
  custom:video-decoder-webm-vp8: 9c59270c3fd7afecdb556c50c9e8de78 -> 
  custom:audio-decoder-ogg-vorbis: bf7c407c2cedff20999df2af8eb42d56 -> 
  custom:audio-encoder-webm-vorbis: bf7c407c2cedff20999df2af8eb42d56 -> 
========================================================================
Received Prepare
Registering precompiled user dll's ...
Registered in 0.004193 seconds.
Begin MonoManager ReloadAssembly
Symbol file LoadedFromMemory doesn't match image C:\Users\jleem\Downloads\4620_libpd-main (3)\4620_libpd-main\Library\PackageCache\com.unity.visualscripting@1.7.8\Editor\VisualScripting.Core\Dependencies\YamlDotNet\Unity.VisualScripting.YamlDotNet.dll
Symbol file LoadedFromMemory doesn't match image C:\Users\jleem\Downloads\4620_libpd-main (3)\4620_libpd-main\Library\PackageCache\com.unity.visualscripting@1.7.8\Editor\VisualScripting.Core\Dependencies\DotNetZip\Unity.VisualScripting.IonicZip.dll
Native extension for WindowsStandalone target not found
Refreshing native plugins compatible for Editor in 0.69 ms, found 6 plugins.
Preloading 0 native plugins for Editor in 0.00 ms.
Mono: successfully reloaded assembly
- Completed reload, in  0.825 seconds
Platform modules already initialized, skipping
Shader 'Universal Render Pipeline/Particles/Lit': fallback shader 'Universal Render Pipeline/Particles/SimpleLit' not found
Refreshing native plugins compatible for Editor in 0.76 ms, found 6 plugins.
Preloading 0 native plugins for Editor in 0.00 ms.
Unloading 4347 Unused Serialized files (Serialized files now loaded: 0)
System memory in use before: 165.0 MB.
System memory in use after: 165.3 MB.

Unloading 24 unused Assets to reduce memory usage. Loaded Objects now: 4948.
Total: 1.897400 ms (FindLiveObjects: 0.245400 ms CreateObjectMapping: 0.107100 ms MarkObjects: 1.526900 ms  DeleteObjects: 0.017100 ms)

AssetImportParameters requested are different than current active one (requested -> active):
  custom:framework-win-MediaFoundation: 216162199b28c13a410421893ffa2e32 -> 
  custom:video-decoder-ogg-theora: a1e56fd34408186e4bbccfd4996cb3dc -> 
  custom:container-muxer-webm: aa71ff27fc2769a1b78a27578f13a17b -> 
  custom:container-demuxer-webm: 4f35f7cbe854078d1ac9338744f61a02 -> 
  custom:container-demuxer-ogg: 62fdf1f143b41e24485cea50d1cbac27 -> 
  custom:video-encoder-webm-vp8: eb34c28f22e8b96e1ab97ce403110664 -> 
  custom:video-codec-MediaFoundation-h265: 746d11721c4dcdbdad8f713fa42b33f4 -> 
  custom:video-decoder-webm-vp8: 9c59270c3fd7afecdb556c50c9e8de78 -> 
  custom:audio-decoder-ogg-vorbis: bf7c407c2cedff20999df2af8eb42d56 -> 
  custom:audio-encoder-webm-vorbis: bf7c407c2cedff20999df2af8eb42d56 -> 
========================================================================
Received Prepare
Registering precompiled user dll's ...
Registered in 0.005021 seconds.
Begin MonoManager ReloadAssembly
Symbol file LoadedFromMemory doesn't match image C:\Users\jleem\Downloads\4620_libpd-main (3)\4620_libpd-main\Library\PackageCache\com.unity.visualscripting@1.7.8\Editor\VisualScripting.Core\Dependencies\YamlDotNet\Unity.VisualScripting.YamlDotNet.dll
Symbol file LoadedFromMemory doesn't match image C:\Users\jleem\Downloads\4620_libpd-main (3)\4620_libpd-main\Library\PackageCache\com.unity.visualscripting@1.7.8\Editor\VisualScripting.Core\Dependencies\DotNetZip\Unity.VisualScripting.IonicZip.dll
Native extension for WindowsStandalone target not found
Refreshing native plugins compatible for Editor in 0.68 ms, found 6 plugins.
Preloading 0 native plugins for Editor in 0.00 ms.
Mono: successfully reloaded assembly
- Completed reload, in  0.802 seconds
Platform modules already initialized, skipping
Shader 'Universal Render Pipeline/Particles/Lit': fallback shader 'Universal Render Pipeline/Particles/SimpleLit' not found
Refreshing native plugins compatible for Editor in 0.73 ms, found 6 plugins.
Preloading 0 native plugins for Editor in 0.00 ms.
Unloading 4347 Unused Serialized files (Serialized files now loaded: 0)
System memory in use before: 165.0 MB.
System memory in use after: 165.3 MB.

Unloading 24 unused Assets to reduce memory usage. Loaded Objects now: 4951.
Total: 2.134800 ms (FindLiveObjects: 0.247700 ms CreateObjectMapping: 0.107500 ms MarkObjects: 1.747300 ms  DeleteObjects: 0.031600 ms)

AssetImportParameters requested are different than current active one (requested -> active):
  custom:framework-win-MediaFoundation: 216162199b28c13a410421893ffa2e32 -> 
  custom:video-decoder-ogg-theora: a1e56fd34408186e4bbccfd4996cb3dc -> 
  custom:container-muxer-webm: aa71ff27fc2769a1b78a27578f13a17b -> 
  custom:container-demuxer-webm: 4f35f7cbe854078d1ac9338744f61a02 -> 
  custom:container-demuxer-ogg: 62fdf1f143b41e24485cea50d1cbac27 -> 
  custom:video-encoder-webm-vp8: eb34c28f22e8b96e1ab97ce403110664 -> 
  custom:video-codec-MediaFoundation-h265: 746d11721c4dcdbdad8f713fa42b33f4 -> 
  custom:video-decoder-webm-vp8: 9c59270c3fd7afecdb556c50c9e8de78 -> 
  custom:audio-decoder-ogg-vorbis: bf7c407c2cedff20999df2af8eb42d56 -> 
  custom:audio-encoder-webm-vorbis: bf7c407c2cedff20999df2af8eb42d56 -> 
========================================================================
Received Prepare
Registering precompiled user dll's ...
Registered in 0.004374 seconds.
Begin MonoManager ReloadAssembly
Symbol file LoadedFromMemory doesn't match image C:\Users\jleem\Downloads\4620_libpd-main (3)\4620_libpd-main\Library\PackageCache\com.unity.visualscripting@1.7.8\Editor\VisualScripting.Core\Dependencies\YamlDotNet\Unity.VisualScripting.YamlDotNet.dll
Symbol file LoadedFromMemory doesn't match image C:\Users\jleem\Downloads\4620_libpd-main (3)\4620_libpd-main\Library\PackageCache\com.unity.visualscripting@1.7.8\Editor\VisualScripting.Core\Dependencies\DotNetZip\Unity.VisualScripting.IonicZip.dll
Native extension for WindowsStandalone target not found
Refreshing native plugins compatible for Editor in 0.73 ms, found 6 plugins.
Preloading 0 native plugins for Editor in 0.00 ms.
Mono: successfully reloaded assembly
- Completed reload, in  0.819 seconds
Platform modules already initialized, skipping
Shader 'Universal Render Pipeline/Particles/Lit': fallback shader 'Universal Render Pipeline/Particles/SimpleLit' not found
Refreshing native plugins compatible for Editor in 0.75 ms, found 6 plugins.
Preloading 0 native plugins for Editor in 0.00 ms.
Unloading 4347 Unused Serialized files (Serialized files now loaded: 0)
System memory in use before: 165.0 MB.
System memory in use after: 165.3 MB.

Unloading 24 unused Assets to reduce memory usage. Loaded Objects now: 4954.
Total: 2.101800 ms (FindLiveObjects: 0.267800 ms CreateObjectMapping: 0.114800 ms MarkObjects: 1.683100 ms  DeleteObjects: 0.025600 ms)

AssetImportParameters requested are different than current active one (requested -> active):
  custom:framework-win-MediaFoundation: 216162199b28c13a410421893ffa2e32 -> 
  custom:video-decoder-ogg-theora: a1e56fd34408186e4bbccfd4996cb3dc -> 
  custom:container-muxer-webm: aa71ff27fc2769a1b78a27578f13a17b -> 
  custom:container-demuxer-webm: 4f35f7cbe854078d1ac9338744f61a02 -> 
  custom:container-demuxer-ogg: 62fdf1f143b41e24485cea50d1cbac27 -> 
  custom:video-encoder-webm-vp8: eb34c28f22e8b96e1ab97ce403110664 -> 
  custom:video-codec-MediaFoundation-h265: 746d11721c4dcdbdad8f713fa42b33f4 -> 
  custom:video-decoder-webm-vp8: 9c59270c3fd7afecdb556c50c9e8de78 -> 
  custom:audio-decoder-ogg-vorbis: bf7c407c2cedff20999df2af8eb42d56 -> 
  custom:audio-encoder-webm-vorbis: bf7c407c2cedff20999df2af8eb42d56 -> 
========================================================================
Received Prepare
Registering precompiled user dll's ...
Registered in 0.005232 seconds.
Begin MonoManager ReloadAssembly
Symbol file LoadedFromMemory doesn't match image C:\Users\jleem\Downloads\4620_libpd-main (3)\4620_libpd-main\Library\PackageCache\com.unity.visualscripting@1.7.8\Editor\VisualScripting.Core\Dependencies\YamlDotNet\Unity.VisualScripting.YamlDotNet.dll
Symbol file LoadedFromMemory doesn't match image C:\Users\jleem\Downloads\4620_libpd-main (3)\4620_libpd-main\Library\PackageCache\com.unity.visualscripting@1.7.8\Editor\VisualScripting.Core\Dependencies\DotNetZip\Unity.VisualScripting.IonicZip.dll
Native extension for WindowsStandalone target not found
Refreshing native plugins compatible for Editor in 1.12 ms, found 6 plugins.
Preloading 0 native plugins for Editor in 0.00 ms.
Mono: successfully reloaded assembly
- Completed reload, in  0.922 seconds
Platform modules already initialized, skipping
Shader 'Universal Render Pipeline/Particles/Lit': fallback shader 'Universal Render Pipeline/Particles/SimpleLit' not found
Refreshing native plugins compatible for Editor in 0.68 ms, found 6 plugins.
Preloading 0 native plugins for Editor in 0.00 ms.
Unloading 4347 Unused Serialized files (Serialized files now loaded: 0)
System memory in use before: 165.0 MB.
System memory in use after: 165.3 MB.

Unloading 24 unused Assets to reduce memory usage. Loaded Objects now: 4957.
Total: 2.197600 ms (FindLiveObjects: 0.306900 ms CreateObjectMapping: 0.178000 ms MarkObjects: 1.692000 ms  DeleteObjects: 0.019800 ms)

AssetImportParameters requested are different than current active one (requested -> active):
  custom:framework-win-MediaFoundation: 216162199b28c13a410421893ffa2e32 -> 
  custom:video-decoder-ogg-theora: a1e56fd34408186e4bbccfd4996cb3dc -> 
  custom:container-muxer-webm: aa71ff27fc2769a1b78a27578f13a17b -> 
  custom:container-demuxer-webm: 4f35f7cbe854078d1ac9338744f61a02 -> 
  custom:container-demuxer-ogg: 62fdf1f143b41e24485cea50d1cbac27 -> 
  custom:video-encoder-webm-vp8: eb34c28f22e8b96e1ab97ce403110664 -> 
  custom:video-codec-MediaFoundation-h265: 746d11721c4dcdbdad8f713fa42b33f4 -> 
  custom:video-decoder-webm-vp8: 9c59270c3fd7afecdb556c50c9e8de78 -> 
  custom:audio-decoder-ogg-vorbis: bf7c407c2cedff20999df2af8eb42d56 -> 
  custom:audio-encoder-webm-vorbis: bf7c407c2cedff20999df2af8eb42d56 -> 
========================================================================
Received Prepare
Registering precompiled user dll's ...
Registered in 0.004932 seconds.
Begin MonoManager ReloadAssembly
Symbol file LoadedFromMemory doesn't match image C:\Users\jleem\Downloads\4620_libpd-main (3)\4620_libpd-main\Library\PackageCache\com.unity.visualscripting@1.7.8\Editor\VisualScripting.Core\Dependencies\YamlDotNet\Unity.VisualScripting.YamlDotNet.dll
Symbol file LoadedFromMemory doesn't match image C:\Users\jleem\Downloads\4620_libpd-main (3)\4620_libpd-main\Library\PackageCache\com.unity.visualscripting@1.7.8\Editor\VisualScripting.Core\Dependencies\DotNetZip\Unity.VisualScripting.IonicZip.dll
Native extension for WindowsStandalone target not found
Refreshing native plugins compatible for Editor in 0.92 ms, found 6 plugins.
Preloading 0 native plugins for Editor in 0.00 ms.
Mono: successfully reloaded assembly
- Completed reload, in  0.936 seconds
Platform modules already initialized, skipping
Shader 'Universal Render Pipeline/Particles/Lit': fallback shader 'Universal Render Pipeline/Particles/SimpleLit' not found
Refreshing native plugins compatible for Editor in 0.75 ms, found 6 plugins.
Preloading 0 native plugins for Editor in 0.00 ms.
Unloading 4347 Unused Serialized files (Serialized files now loaded: 0)
System memory in use before: 165.0 MB.
System memory in use after: 165.3 MB.

Unloading 24 unused Assets to reduce memory usage. Loaded Objects now: 4960.
Total: 2.224300 ms (FindLiveObjects: 0.280800 ms CreateObjectMapping: 0.120800 ms MarkObjects: 1.800600 ms  DeleteObjects: 0.020800 ms)

AssetImportParameters requested are different than current active one (requested -> active):
  custom:framework-win-MediaFoundation: 216162199b28c13a410421893ffa2e32 -> 
  custom:video-decoder-ogg-theora: a1e56fd34408186e4bbccfd4996cb3dc -> 
  custom:container-muxer-webm: aa71ff27fc2769a1b78a27578f13a17b -> 
  custom:container-demuxer-webm: 4f35f7cbe854078d1ac9338744f61a02 -> 
  custom:container-demuxer-ogg: 62fdf1f143b41e24485cea50d1cbac27 -> 
  custom:video-encoder-webm-vp8: eb34c28f22e8b96e1ab97ce403110664 -> 
  custom:video-codec-MediaFoundation-h265: 746d11721c4dcdbdad8f713fa42b33f4 -> 
  custom:video-decoder-webm-vp8: 9c59270c3fd7afecdb556c50c9e8de78 -> 
  custom:audio-decoder-ogg-vorbis: bf7c407c2cedff20999df2af8eb42d56 -> 
  custom:audio-encoder-webm-vorbis: bf7c407c2cedff20999df2af8eb42d56 -> 
